<?xml version="1.0" encoding="UTF-8"?>
<!-- Generated by org.testng.reporters.JUnitReportReporter -->
<testsuite hostname="DESKTOP-RPDQFL9" failures="0" tests="1" name="testcases.HomeLoanTest" time="0.015" errors="0" timestamp="08 May 2023 08:35:02 GMT" skipped="0">
  <testcase classname="testcases.HomeLoanTest" name="test2" time="0.015"/>
</testsuite> <!-- testcases.HomeLoanTest -->
