<?xml version="1.0" encoding="UTF-8"?>
<!-- Generated by org.testng.reporters.JUnitReportReporter -->
<testsuite hostname="DESKTOP-RPDQFL9" failures="0" tests="1" name="testcases.CreditCardTest" time="0.005" errors="0" timestamp="08 May 2023 08:35:02 GMT" skipped="0">
  <testcase classname="testcases.CreditCardTest" name="test4" time="0.005"/>
</testsuite> <!-- testcases.CreditCardTest -->
