<?xml version="1.0" encoding="UTF-8"?>
<!-- Generated by org.testng.reporters.JUnitReportReporter -->
<testsuite skipped="0" hostname="DESKTOP-RPDQFL9" name="testcases.HomeLoanTest" tests="1" failures="0" timestamp="08 May 2023 09:05:25 GMT" time="0.002" errors="0">
  <testcase name="test2" time="0.002" classname="testcases.HomeLoanTest"/>
</testsuite> <!-- testcases.HomeLoanTest -->
